<?xml version="1.0" encoding="UTF-8"?>
<!-- Generated by org.testng.reporters.JUnitReportReporter -->
<testsuite hostname="Raghus-MacBook-Pro.local" failures="0" tests="4" name="cucumberOptions.TestNGTestRunner" time="0.163" errors="0" timestamp="2022-05-19T17:08:33 IST" skipped="0">
  <testcase classname="cucumberOptions.TestNGTestRunner" name="runScenario" time="0.116"/>
  <system-out/>
  <testcase classname="cucumberOptions.TestNGTestRunner" name="runScenario" time="0.015"/>
  <system-out/>
  <testcase classname="cucumberOptions.TestNGTestRunner" name="runScenario" time="0.014"/>
  <system-out/>
  <testcase classname="cucumberOptions.TestNGTestRunner" name="runScenario" time="0.018"/>
  <system-out/>
</testsuite> <!-- cucumberOptions.TestNGTestRunner -->
